<?xml version="1.0" encoding="UTF-8"?>
<testsuite xmlns:xsi="http://www.w3.org/2001/XMLSchema-instance" xsi:noNamespaceSchemaLocation="https://maven.apache.org/surefire/maven-surefire-plugin/xsd/surefire-test-report-3.0.xsd" version="3.0" name="org.example.test.testcase.TestCases" time="6.501" tests="4" errors="0" skipped="0" failures="0">
  <properties>
[...]
</properties>
  <testcase name="getUsers" classname="org.example.test.testcase.TestCases" time="3.216"/>
  <testcase name="verifyUserExists" classname="org.example.test.testcase.TestCases" time="0.189"/>
  <testcase name="verifyPostExists" classname="org.example.test.testcase.TestCases" time="0.246"/>
  <testcase name="verifyEmailFormat" classname="org.example.test.testcase.TestCases" time="2.835">
    <system-out><![CDATA[PostID:21. Email to validate: Lura@rod.tv Is Valid? :true
PostID:21. Email to validate: Lottie.Zieme@ruben.us Is Valid? :true
PostID:21. Email to validate: Winona_Price@jevon.me Is Valid? :true
PostID:21. Email to validate: Gabriel@oceane.biz Is Valid? :true
PostID:21. Email to validate: Adolph.Ondricka@mozell.co.uk Is Valid? :true
PostID:22. Email to validate: Allen@richard.biz Is Valid? :true
PostID:22. Email to validate: Nicholaus@mikayla.ca Is Valid? :true
PostID:22. Email to validate: Kayla@susanna.org Is Valid? :true
PostID:22. Email to validate: Gideon@amina.name Is Valid? :true
PostID:22. Email to validate: Cassidy@maribel.io Is Valid? :true
PostID:23. Email to validate: Stefan.Crist@duane.ca Is Valid? :true
PostID:23. Email to validate: Aniyah.Ortiz@monte.me Is Valid? :true
PostID:23. Email to validate: Laverna@rico.biz Is Valid? :true
PostID:23. Email to validate: Derek@hildegard.net Is Valid? :true
PostID:23. Email to validate: Tyrell@abdullah.ca Is Valid? :true
PostID:24. Email to validate: Reyes@hailey.name Is Valid? :true
PostID:24. Email to validate: Danika.Dicki@mekhi.biz Is Valid? :true
PostID:24. Email to validate: Alessandra.Nitzsche@stephania.us Is Valid? :true
PostID:24. Email to validate: Matteo@marquis.net Is Valid? :true
PostID:24. Email to validate: Joshua.Spinka@toby.io Is Valid? :true
PostID:25. Email to validate: Annabelle@cole.com Is Valid? :true
PostID:25. Email to validate: Kacey@jamal.info Is Valid? :true
PostID:25. Email to validate: Mina@mallie.name Is Valid? :true
PostID:25. Email to validate: Hudson.Blick@ruben.biz Is Valid? :true
PostID:25. Email to validate: Domenic.Durgan@joaquin.name Is Valid? :true
PostID:26. Email to validate: Alexie@alayna.org Is Valid? :true
PostID:26. Email to validate: Haven_Barrows@brant.org Is Valid? :true
PostID:26. Email to validate: Marianne@maximo.us Is Valid? :true
PostID:26. Email to validate: Fanny@danial.com Is Valid? :true
PostID:26. Email to validate: Trevion_Kuphal@bernice.name Is Valid? :true
PostID:27. Email to validate: Emmet@guy.biz Is Valid? :true
PostID:27. Email to validate: Megane.Fritsch@claude.name Is Valid? :true
PostID:27. Email to validate: Amya@durward.ca Is Valid? :true
PostID:27. Email to validate: Jasen_Rempel@willis.org Is Valid? :true
PostID:27. Email to validate: Harmony@reggie.com Is Valid? :true
PostID:28. Email to validate: Rosanna_Kunze@guy.net Is Valid? :true
PostID:28. Email to validate: Ressie.Boehm@flossie.com Is Valid? :true
PostID:28. Email to validate: Domenic.Wuckert@jazmyne.us Is Valid? :true
PostID:28. Email to validate: Rhett.OKon@brian.info Is Valid? :true
PostID:28. Email to validate: Mathias@richmond.info Is Valid? :true
PostID:29. Email to validate: Ottis@lourdes.org Is Valid? :true
PostID:29. Email to validate: Estel@newton.ca Is Valid? :true
PostID:29. Email to validate: Bertha@erik.co.uk Is Valid? :true
PostID:29. Email to validate: Joesph@matteo.info Is Valid? :true
PostID:29. Email to validate: Alva@cassandre.net Is Valid? :true
PostID:30. Email to validate: Vivienne@willis.org Is Valid? :true
PostID:30. Email to validate: Angelita@aliza.me Is Valid? :true
PostID:30. Email to validate: Timmothy_Okuneva@alyce.tv Is Valid? :true
PostID:30. Email to validate: Moriah_Welch@richmond.org Is Valid? :true
PostID:30. Email to validate: Ramiro_Kuhn@harmon.biz Is Valid? :true
]]></system-out>
  </testcase>
</testsuite>